This file contains any messages produced by compilers while
running configure, to aid debugging if configure makes a mistake.

It was created by dfu-util configure 0.9, which was
generated by GNU Autoconf 2.69.  Invocation command line was

  $ ./configure --host=i686-w64-mingw32

## --------- ##
## Platform. ##
## --------- ##

hostname = vultr.guest
uname -m = x86_64
uname -r = 4.4.0-87-generic
uname -s = Linux
uname -v = #110-Ubuntu SMP Tue Jul 18 12:55:35 UTC 2017

/usr/bin/uname -p = unknown
/bin/uname -X     = unknown

/bin/arch              = unknown
/usr/bin/arch -k       = unknown
/usr/convex/getsysinfo = unknown
/usr/bin/hostinfo      = unknown
/bin/machine           = unknown
/usr/bin/oslevel       = unknown
/bin/universe          = unknown

PATH: /usr/local/sbin
PATH: /usr/local/bin
PATH: /usr/sbin
PATH: /usr/bin
PATH: /sbin
PATH: /bin
PATH: /usr/games
PATH: /usr/local/games
PATH: /snap/bin


## ----------- ##
## Core tests. ##
## ----------- ##

configure:2259: checking for a BSD-compatible install
configure:2327: result: /usr/bin/install -c
configure:2338: checking whether build environment is sane
configure:2393: result: yes
configure:2431: WARNING: 'missing' script is too old or missing
configure:2452: checking for i686-w64-mingw32-strip
configure:2468: found /usr/bin/i686-w64-mingw32-strip
configure:2479: result: i686-w64-mingw32-strip
configure:2544: checking for a thread-safe mkdir -p
configure:2583: result: /bin/mkdir -p
configure:2590: checking for gawk
configure:2606: found /usr/bin/gawk
configure:2617: result: gawk
configure:2628: checking whether make sets $(MAKE)
configure:2650: result: yes
configure:2679: checking whether make supports nested variables
configure:2696: result: yes
configure:2836: checking whether make supports nested variables
configure:2853: result: yes
configure:2874: checking for i686-w64-mingw32-gcc
configure:2890: found /usr/bin/i686-w64-mingw32-gcc
configure:2901: result: i686-w64-mingw32-gcc
configure:3170: checking for C compiler version
configure:3179: i686-w64-mingw32-gcc --version >&5
i686-w64-mingw32-gcc (GCC) 5.3.1 20160211
Copyright (C) 2015 Free Software Foundation, Inc.
This is free software; see the source for copying conditions.  There is NO
warranty; not even for MERCHANTABILITY or FITNESS FOR A PARTICULAR PURPOSE.

configure:3190: $? = 0
configure:3179: i686-w64-mingw32-gcc -v >&5
Using built-in specs.
COLLECT_GCC=i686-w64-mingw32-gcc
COLLECT_LTO_WRAPPER=/usr/lib/gcc/i686-w64-mingw32/5.3-win32/lto-wrapper
Target: i686-w64-mingw32
Configured with: ../../src/configure --build=x86_64-linux-gnu --prefix=/usr --includedir='/usr/include' --mandir='/usr/share/man' --infodir='/usr/share/info' --sysconfdir=/etc --localstatedir=/var --disable-silent-rules --libexecdir='/usr/lib/gcc-mingw-w64' --disable-maintainer-mode --disable-dependency-tracking --prefix=/usr --enable-shared --enable-static --disable-multilib --with-system-zlib --libexecdir=/usr/lib --without-included-gettext --libdir=/usr/lib --enable-libstdcxx-time=yes --with-tune=generic --enable-version-specific-runtime-libs --enable-fully-dynamic-string --enable-libgomp --enable-languages=c,c++,fortran,objc,obj-c++ --enable-lto --with-plugin-ld --enable-threads=win32 --program-suffix=-win32 --program-prefix=i686-w64-mingw32- --target=i686-w64-mingw32 --with-as=/usr/bin/i686-w64-mingw32-as --with-ld=/usr/bin/i686-w64-mingw32-ld --disable-libatomic
Thread model: win32
gcc version 5.3.1 20160211 (GCC) 
configure:3190: $? = 0
configure:3179: i686-w64-mingw32-gcc -V >&5
i686-w64-mingw32-gcc: error: unrecognized command line option '-V'
i686-w64-mingw32-gcc: fatal error: no input files
compilation terminated.
configure:3190: $? = 1
configure:3179: i686-w64-mingw32-gcc -qversion >&5
i686-w64-mingw32-gcc: error: unrecognized command line option '-qversion'
i686-w64-mingw32-gcc: fatal error: no input files
compilation terminated.
configure:3190: $? = 1
configure:3210: checking whether the C compiler works
configure:3232: i686-w64-mingw32-gcc -mno-ms-bitfields -static   conftest.c  >&5
configure:3236: $? = 0
configure:3284: result: yes
configure:3287: checking for C compiler default output file name
configure:3289: result: a.exe
configure:3295: checking for suffix of executables
configure:3302: i686-w64-mingw32-gcc -o conftest.exe -mno-ms-bitfields -static   conftest.c  >&5
configure:3306: $? = 0
configure:3328: result: .exe
configure:3350: checking whether we are cross compiling
configure:3358: i686-w64-mingw32-gcc -o conftest.exe -mno-ms-bitfields -static   conftest.c  >&5
configure:3362: $? = 0
configure:3369: ./conftest.exe
./configure: line 3371: ./conftest.exe: cannot execute binary file: Exec format error
configure:3373: $? = 126
configure:3388: result: yes
configure:3393: checking for suffix of object files
configure:3415: i686-w64-mingw32-gcc -c -mno-ms-bitfields -static  conftest.c >&5
configure:3419: $? = 0
configure:3440: result: o
configure:3444: checking whether we are using the GNU C compiler
configure:3463: i686-w64-mingw32-gcc -c -mno-ms-bitfields -static  conftest.c >&5
configure:3463: $? = 0
configure:3472: result: yes
configure:3481: checking whether i686-w64-mingw32-gcc accepts -g
configure:3501: i686-w64-mingw32-gcc -c -g  conftest.c >&5
configure:3501: $? = 0
configure:3542: result: yes
configure:3559: checking for i686-w64-mingw32-gcc option to accept ISO C89
configure:3622: i686-w64-mingw32-gcc  -c -mno-ms-bitfields -static  conftest.c >&5
configure:3622: $? = 0
configure:3635: result: none needed
configure:3660: checking whether i686-w64-mingw32-gcc understands -c and -o together
configure:3682: i686-w64-mingw32-gcc -c conftest.c -o conftest2.o
configure:3685: $? = 0
configure:3682: i686-w64-mingw32-gcc -c conftest.c -o conftest2.o
configure:3685: $? = 0
configure:3697: result: yes
configure:3725: checking for style of include used by make
configure:3753: result: GNU
configure:3779: checking dependency style of i686-w64-mingw32-gcc
configure:3890: result: gcc3
configure:3909: checking for libusb_init in -lusb
configure:3934: i686-w64-mingw32-gcc -o conftest.exe -mno-ms-bitfields -static   conftest.c -lusb   >&5
/usr/bin/i686-w64-mingw32-ld: cannot find -lusb
collect2: error: ld returned 1 exit status
configure:3934: $? = 1
configure: failed program was:
| /* confdefs.h */
| #define PACKAGE_NAME "dfu-util"
| #define PACKAGE_TARNAME "dfu-util"
| #define PACKAGE_VERSION "0.9"
| #define PACKAGE_STRING "dfu-util 0.9"
| #define PACKAGE_BUGREPORT "http://sourceforge.net/p/dfu-util/tickets/"
| #define PACKAGE_URL "http://dfu-util.sourceforge.net"
| #define PACKAGE "dfu-util"
| #define VERSION "0.9"
| /* end confdefs.h.  */
| 
| /* Override any GCC internal prototype to avoid an error.
|    Use char because int might match the return type of a GCC
|    builtin and then its argument prototype would still apply.  */
| #ifdef __cplusplus
| extern "C"
| #endif
| char libusb_init ();
| int
| main ()
| {
| return libusb_init ();
|   ;
|   return 0;
| }
configure:3943: result: no
configure:3967: checking for i686-w64-mingw32-pkg-config
configure:4000: result: no
configure:4010: checking for pkg-config
configure:4043: result: no
configure:4080: checking for USB
configure:4145: result: yes
configure:4161: checking how to run the C preprocessor
configure:4192: i686-w64-mingw32-gcc -E  conftest.c
configure:4192: $? = 0
configure:4206: i686-w64-mingw32-gcc -E  conftest.c
conftest.c:11:28: fatal error: ac_nonexistent.h: No such file or directory
compilation terminated.
configure:4206: $? = 1
configure: failed program was:
| /* confdefs.h */
| #define PACKAGE_NAME "dfu-util"
| #define PACKAGE_TARNAME "dfu-util"
| #define PACKAGE_VERSION "0.9"
| #define PACKAGE_STRING "dfu-util 0.9"
| #define PACKAGE_BUGREPORT "http://sourceforge.net/p/dfu-util/tickets/"
| #define PACKAGE_URL "http://dfu-util.sourceforge.net"
| #define PACKAGE "dfu-util"
| #define VERSION "0.9"
| /* end confdefs.h.  */
| #include <ac_nonexistent.h>
configure:4231: result: i686-w64-mingw32-gcc -E
configure:4251: i686-w64-mingw32-gcc -E  conftest.c
configure:4251: $? = 0
configure:4265: i686-w64-mingw32-gcc -E  conftest.c
conftest.c:11:28: fatal error: ac_nonexistent.h: No such file or directory
compilation terminated.
configure:4265: $? = 1
configure: failed program was:
| /* confdefs.h */
| #define PACKAGE_NAME "dfu-util"
| #define PACKAGE_TARNAME "dfu-util"
| #define PACKAGE_VERSION "0.9"
| #define PACKAGE_STRING "dfu-util 0.9"
| #define PACKAGE_BUGREPORT "http://sourceforge.net/p/dfu-util/tickets/"
| #define PACKAGE_URL "http://dfu-util.sourceforge.net"
| #define PACKAGE "dfu-util"
| #define VERSION "0.9"
| /* end confdefs.h.  */
| #include <ac_nonexistent.h>
configure:4294: checking for grep that handles long lines and -e
configure:4352: result: /bin/grep
configure:4357: checking for egrep
configure:4419: result: /bin/grep -E
configure:4424: checking for ANSI C header files
configure:4444: i686-w64-mingw32-gcc -c -mno-ms-bitfields -static -I/root/dfu-utils-cross/libusb-1.0.20/libusb/  conftest.c >&5
configure:4444: $? = 0
configure:4528: result: yes
configure:4541: checking for sys/types.h
configure:4541: i686-w64-mingw32-gcc -c -mno-ms-bitfields -static -I/root/dfu-utils-cross/libusb-1.0.20/libusb/  conftest.c >&5
configure:4541: $? = 0
configure:4541: result: yes
configure:4541: checking for sys/stat.h
configure:4541: i686-w64-mingw32-gcc -c -mno-ms-bitfields -static -I/root/dfu-utils-cross/libusb-1.0.20/libusb/  conftest.c >&5
configure:4541: $? = 0
configure:4541: result: yes
configure:4541: checking for stdlib.h
configure:4541: i686-w64-mingw32-gcc -c -mno-ms-bitfields -static -I/root/dfu-utils-cross/libusb-1.0.20/libusb/  conftest.c >&5
configure:4541: $? = 0
configure:4541: result: yes
configure:4541: checking for string.h
configure:4541: i686-w64-mingw32-gcc -c -mno-ms-bitfields -static -I/root/dfu-utils-cross/libusb-1.0.20/libusb/  conftest.c >&5
configure:4541: $? = 0
configure:4541: result: yes
configure:4541: checking for memory.h
configure:4541: i686-w64-mingw32-gcc -c -mno-ms-bitfields -static -I/root/dfu-utils-cross/libusb-1.0.20/libusb/  conftest.c >&5
configure:4541: $? = 0
configure:4541: result: yes
configure:4541: checking for strings.h
configure:4541: i686-w64-mingw32-gcc -c -mno-ms-bitfields -static -I/root/dfu-utils-cross/libusb-1.0.20/libusb/  conftest.c >&5
configure:4541: $? = 0
configure:4541: result: yes
configure:4541: checking for inttypes.h
configure:4541: i686-w64-mingw32-gcc -c -mno-ms-bitfields -static -I/root/dfu-utils-cross/libusb-1.0.20/libusb/  conftest.c >&5
configure:4541: $? = 0
configure:4541: result: yes
configure:4541: checking for stdint.h
configure:4541: i686-w64-mingw32-gcc -c -mno-ms-bitfields -static -I/root/dfu-utils-cross/libusb-1.0.20/libusb/  conftest.c >&5
configure:4541: $? = 0
configure:4541: result: yes
configure:4541: checking for unistd.h
configure:4541: i686-w64-mingw32-gcc -c -mno-ms-bitfields -static -I/root/dfu-utils-cross/libusb-1.0.20/libusb/  conftest.c >&5
configure:4541: $? = 0
configure:4541: result: yes
configure:4556: checking windows.h usability
configure:4556: i686-w64-mingw32-gcc -c -mno-ms-bitfields -static -I/root/dfu-utils-cross/libusb-1.0.20/libusb/  conftest.c >&5
configure:4556: $? = 0
configure:4556: result: yes
configure:4556: checking windows.h presence
configure:4556: i686-w64-mingw32-gcc -E  conftest.c
configure:4556: $? = 0
configure:4556: result: yes
configure:4556: checking for windows.h
configure:4556: result: yes
configure:4556: checking sysexits.h usability
configure:4556: i686-w64-mingw32-gcc -c -mno-ms-bitfields -static -I/root/dfu-utils-cross/libusb-1.0.20/libusb/  conftest.c >&5
conftest.c:55:22: fatal error: sysexits.h: No such file or directory
compilation terminated.
configure:4556: $? = 1
configure: failed program was:
| /* confdefs.h */
| #define PACKAGE_NAME "dfu-util"
| #define PACKAGE_TARNAME "dfu-util"
| #define PACKAGE_VERSION "0.9"
| #define PACKAGE_STRING "dfu-util 0.9"
| #define PACKAGE_BUGREPORT "http://sourceforge.net/p/dfu-util/tickets/"
| #define PACKAGE_URL "http://dfu-util.sourceforge.net"
| #define PACKAGE "dfu-util"
| #define VERSION "0.9"
| #define STDC_HEADERS 1
| #define HAVE_SYS_TYPES_H 1
| #define HAVE_SYS_STAT_H 1
| #define HAVE_STDLIB_H 1
| #define HAVE_STRING_H 1
| #define HAVE_MEMORY_H 1
| #define HAVE_STRINGS_H 1
| #define HAVE_INTTYPES_H 1
| #define HAVE_STDINT_H 1
| #define HAVE_UNISTD_H 1
| #define HAVE_WINDOWS_H 1
| /* end confdefs.h.  */
| #include <stdio.h>
| #ifdef HAVE_SYS_TYPES_H
| # include <sys/types.h>
| #endif
| #ifdef HAVE_SYS_STAT_H
| # include <sys/stat.h>
| #endif
| #ifdef STDC_HEADERS
| # include <stdlib.h>
| # include <stddef.h>
| #else
| # ifdef HAVE_STDLIB_H
| #  include <stdlib.h>
| # endif
| #endif
| #ifdef HAVE_STRING_H
| # if !defined STDC_HEADERS && defined HAVE_MEMORY_H
| #  include <memory.h>
| # endif
| # include <string.h>
| #endif
| #ifdef HAVE_STRINGS_H
| # include <strings.h>
| #endif
| #ifdef HAVE_INTTYPES_H
| # include <inttypes.h>
| #endif
| #ifdef HAVE_STDINT_H
| # include <stdint.h>
| #endif
| #ifdef HAVE_UNISTD_H
| # include <unistd.h>
| #endif
| #include <sysexits.h>
configure:4556: result: no
configure:4556: checking sysexits.h presence
configure:4556: i686-w64-mingw32-gcc -E  conftest.c
conftest.c:22:22: fatal error: sysexits.h: No such file or directory
compilation terminated.
configure:4556: $? = 1
configure: failed program was:
| /* confdefs.h */
| #define PACKAGE_NAME "dfu-util"
| #define PACKAGE_TARNAME "dfu-util"
| #define PACKAGE_VERSION "0.9"
| #define PACKAGE_STRING "dfu-util 0.9"
| #define PACKAGE_BUGREPORT "http://sourceforge.net/p/dfu-util/tickets/"
| #define PACKAGE_URL "http://dfu-util.sourceforge.net"
| #define PACKAGE "dfu-util"
| #define VERSION "0.9"
| #define STDC_HEADERS 1
| #define HAVE_SYS_TYPES_H 1
| #define HAVE_SYS_STAT_H 1
| #define HAVE_STDLIB_H 1
| #define HAVE_STRING_H 1
| #define HAVE_MEMORY_H 1
| #define HAVE_STRINGS_H 1
| #define HAVE_INTTYPES_H 1
| #define HAVE_STDINT_H 1
| #define HAVE_UNISTD_H 1
| #define HAVE_WINDOWS_H 1
| /* end confdefs.h.  */
| #include <sysexits.h>
configure:4556: result: no
configure:4556: checking for sysexits.h
configure:4556: result: no
configure:4556: checking for unistd.h
configure:4556: result: yes
configure:4568: checking for an ANSI C-conforming const
configure:4634: i686-w64-mingw32-gcc -c -mno-ms-bitfields -static -I/root/dfu-utils-cross/libusb-1.0.20/libusb/  conftest.c >&5
configure:4634: $? = 0
configure:4641: result: yes
configure:4649: checking for size_t
configure:4649: i686-w64-mingw32-gcc -c -mno-ms-bitfields -static -I/root/dfu-utils-cross/libusb-1.0.20/libusb/  conftest.c >&5
configure:4649: $? = 0
configure:4649: i686-w64-mingw32-gcc -c -mno-ms-bitfields -static -I/root/dfu-utils-cross/libusb-1.0.20/libusb/  conftest.c >&5
conftest.c: In function 'main':
conftest.c:59:21: error: expected expression before ')' token
 if (sizeof ((size_t)))
                     ^
configure:4649: $? = 1
configure: failed program was:
| /* confdefs.h */
| #define PACKAGE_NAME "dfu-util"
| #define PACKAGE_TARNAME "dfu-util"
| #define PACKAGE_VERSION "0.9"
| #define PACKAGE_STRING "dfu-util 0.9"
| #define PACKAGE_BUGREPORT "http://sourceforge.net/p/dfu-util/tickets/"
| #define PACKAGE_URL "http://dfu-util.sourceforge.net"
| #define PACKAGE "dfu-util"
| #define VERSION "0.9"
| #define STDC_HEADERS 1
| #define HAVE_SYS_TYPES_H 1
| #define HAVE_SYS_STAT_H 1
| #define HAVE_STDLIB_H 1
| #define HAVE_STRING_H 1
| #define HAVE_MEMORY_H 1
| #define HAVE_STRINGS_H 1
| #define HAVE_INTTYPES_H 1
| #define HAVE_STDINT_H 1
| #define HAVE_UNISTD_H 1
| #define HAVE_WINDOWS_H 1
| #define HAVE_UNISTD_H 1
| /* end confdefs.h.  */
| #include <stdio.h>
| #ifdef HAVE_SYS_TYPES_H
| # include <sys/types.h>
| #endif
| #ifdef HAVE_SYS_STAT_H
| # include <sys/stat.h>
| #endif
| #ifdef STDC_HEADERS
| # include <stdlib.h>
| # include <stddef.h>
| #else
| # ifdef HAVE_STDLIB_H
| #  include <stdlib.h>
| # endif
| #endif
| #ifdef HAVE_STRING_H
| # if !defined STDC_HEADERS && defined HAVE_MEMORY_H
| #  include <memory.h>
| # endif
| # include <string.h>
| #endif
| #ifdef HAVE_STRINGS_H
| # include <strings.h>
| #endif
| #ifdef HAVE_INTTYPES_H
| # include <inttypes.h>
| #endif
| #ifdef HAVE_STDINT_H
| # include <stdint.h>
| #endif
| #ifdef HAVE_UNISTD_H
| # include <unistd.h>
| #endif
| int
| main ()
| {
| if (sizeof ((size_t)))
| 	    return 0;
|   ;
|   return 0;
| }
configure:4649: result: yes
configure:4662: checking for working memcmp
configure:4715: result: no
configure:4727: checking for getpagesize
configure:4727: i686-w64-mingw32-gcc -o conftest.exe -mno-ms-bitfields -static -I/root/dfu-utils-cross/libusb-1.0.20/libusb/   conftest.c  -L/root/dfu-utils-cross/libusb-1.0.20/libusb/.libs/ -lusb-1.0 >&5
configure:4727: $? = 0
configure:4727: result: yes
configure:4727: checking for nanosleep
configure:4727: i686-w64-mingw32-gcc -o conftest.exe -mno-ms-bitfields -static -I/root/dfu-utils-cross/libusb-1.0.20/libusb/   conftest.c  -L/root/dfu-utils-cross/libusb-1.0.20/libusb/.libs/ -lusb-1.0 >&5
/tmp/ccANr7Vf.o:conftest.c:(.text+0xc): undefined reference to `nanosleep'
collect2: error: ld returned 1 exit status
configure:4727: $? = 1
configure: failed program was:
| /* confdefs.h */
| #define PACKAGE_NAME "dfu-util"
| #define PACKAGE_TARNAME "dfu-util"
| #define PACKAGE_VERSION "0.9"
| #define PACKAGE_STRING "dfu-util 0.9"
| #define PACKAGE_BUGREPORT "http://sourceforge.net/p/dfu-util/tickets/"
| #define PACKAGE_URL "http://dfu-util.sourceforge.net"
| #define PACKAGE "dfu-util"
| #define VERSION "0.9"
| #define STDC_HEADERS 1
| #define HAVE_SYS_TYPES_H 1
| #define HAVE_SYS_STAT_H 1
| #define HAVE_STDLIB_H 1
| #define HAVE_STRING_H 1
| #define HAVE_MEMORY_H 1
| #define HAVE_STRINGS_H 1
| #define HAVE_INTTYPES_H 1
| #define HAVE_STDINT_H 1
| #define HAVE_UNISTD_H 1
| #define HAVE_WINDOWS_H 1
| #define HAVE_UNISTD_H 1
| #define HAVE_GETPAGESIZE 1
| /* end confdefs.h.  */
| /* Define nanosleep to an innocuous variant, in case <limits.h> declares nanosleep.
|    For example, HP-UX 11i <limits.h> declares gettimeofday.  */
| #define nanosleep innocuous_nanosleep
| 
| /* System header to define __stub macros and hopefully few prototypes,
|     which can conflict with char nanosleep (); below.
|     Prefer <limits.h> to <assert.h> if __STDC__ is defined, since
|     <limits.h> exists even on freestanding compilers.  */
| 
| #ifdef __STDC__
| # include <limits.h>
| #else
| # include <assert.h>
| #endif
| 
| #undef nanosleep
| 
| /* Override any GCC internal prototype to avoid an error.
|    Use char because int might match the return type of a GCC
|    builtin and then its argument prototype would still apply.  */
| #ifdef __cplusplus
| extern "C"
| #endif
| char nanosleep ();
| /* The GNU C library defines this for functions which it implements
|     to always fail with ENOSYS.  Some functions are actually named
|     something starting with __ and the normal name is an alias.  */
| #if defined __stub_nanosleep || defined __stub___nanosleep
| choke me
| #endif
| 
| int
| main ()
| {
| return nanosleep ();
|   ;
|   return 0;
| }
configure:4727: result: no
configure:4727: checking for err
configure:4727: i686-w64-mingw32-gcc -o conftest.exe -mno-ms-bitfields -static -I/root/dfu-utils-cross/libusb-1.0.20/libusb/   conftest.c  -L/root/dfu-utils-cross/libusb-1.0.20/libusb/.libs/ -lusb-1.0 >&5
/tmp/cc8KPm6g.o:conftest.c:(.text+0xc): undefined reference to `err'
collect2: error: ld returned 1 exit status
configure:4727: $? = 1
configure: failed program was:
| /* confdefs.h */
| #define PACKAGE_NAME "dfu-util"
| #define PACKAGE_TARNAME "dfu-util"
| #define PACKAGE_VERSION "0.9"
| #define PACKAGE_STRING "dfu-util 0.9"
| #define PACKAGE_BUGREPORT "http://sourceforge.net/p/dfu-util/tickets/"
| #define PACKAGE_URL "http://dfu-util.sourceforge.net"
| #define PACKAGE "dfu-util"
| #define VERSION "0.9"
| #define STDC_HEADERS 1
| #define HAVE_SYS_TYPES_H 1
| #define HAVE_SYS_STAT_H 1
| #define HAVE_STDLIB_H 1
| #define HAVE_STRING_H 1
| #define HAVE_MEMORY_H 1
| #define HAVE_STRINGS_H 1
| #define HAVE_INTTYPES_H 1
| #define HAVE_STDINT_H 1
| #define HAVE_UNISTD_H 1
| #define HAVE_WINDOWS_H 1
| #define HAVE_UNISTD_H 1
| #define HAVE_GETPAGESIZE 1
| /* end confdefs.h.  */
| /* Define err to an innocuous variant, in case <limits.h> declares err.
|    For example, HP-UX 11i <limits.h> declares gettimeofday.  */
| #define err innocuous_err
| 
| /* System header to define __stub macros and hopefully few prototypes,
|     which can conflict with char err (); below.
|     Prefer <limits.h> to <assert.h> if __STDC__ is defined, since
|     <limits.h> exists even on freestanding compilers.  */
| 
| #ifdef __STDC__
| # include <limits.h>
| #else
| # include <assert.h>
| #endif
| 
| #undef err
| 
| /* Override any GCC internal prototype to avoid an error.
|    Use char because int might match the return type of a GCC
|    builtin and then its argument prototype would still apply.  */
| #ifdef __cplusplus
| extern "C"
| #endif
| char err ();
| /* The GNU C library defines this for functions which it implements
|     to always fail with ENOSYS.  Some functions are actually named
|     something starting with __ and the normal name is an alias.  */
| #if defined __stub_err || defined __stub___err
| choke me
| #endif
| 
| int
| main ()
| {
| return err ();
|   ;
|   return 0;
| }
configure:4727: result: no
configure:4848: checking that generated files are newer than configure
configure:4854: result: done
configure:4877: creating ./config.status

## ---------------------- ##
## Running config.status. ##
## ---------------------- ##

This file was extended by dfu-util config.status 0.9, which was
generated by GNU Autoconf 2.69.  Invocation command line was

  CONFIG_FILES    = 
  CONFIG_HEADERS  = 
  CONFIG_LINKS    = 
  CONFIG_COMMANDS = 
  $ ./config.status 

on vultr.guest

config.status:863: creating Makefile
config.status:863: creating src/Makefile
config.status:863: creating doc/Makefile
config.status:863: creating config.h
config.status:1092: executing depfiles commands

## ---------------- ##
## Cache variables. ##
## ---------------- ##

ac_cv_c_compiler_gnu=yes
ac_cv_c_const=yes
ac_cv_env_CC_set=
ac_cv_env_CC_value=
ac_cv_env_CFLAGS_set=set
ac_cv_env_CFLAGS_value='-mno-ms-bitfields -static'
ac_cv_env_CPPFLAGS_set=
ac_cv_env_CPPFLAGS_value=
ac_cv_env_CPP_set=
ac_cv_env_CPP_value=
ac_cv_env_LDFLAGS_set=
ac_cv_env_LDFLAGS_value=
ac_cv_env_LIBS_set=
ac_cv_env_LIBS_value=
ac_cv_env_PKG_CONFIG_LIBDIR_set=
ac_cv_env_PKG_CONFIG_LIBDIR_value=
ac_cv_env_PKG_CONFIG_PATH_set=
ac_cv_env_PKG_CONFIG_PATH_value=
ac_cv_env_PKG_CONFIG_set=
ac_cv_env_PKG_CONFIG_value=
ac_cv_env_USB_CFLAGS_set=set
ac_cv_env_USB_CFLAGS_value=-I/root/dfu-utils-cross/libusb-1.0.20/libusb/
ac_cv_env_USB_LIBS_set=set
ac_cv_env_USB_LIBS_value='-L/root/dfu-utils-cross/libusb-1.0.20/libusb/.libs/ -lusb-1.0'
ac_cv_env_build_alias_set=
ac_cv_env_build_alias_value=
ac_cv_env_host_alias_set=set
ac_cv_env_host_alias_value=i686-w64-mingw32
ac_cv_env_target_alias_set=
ac_cv_env_target_alias_value=
ac_cv_exeext=.exe
ac_cv_func_err=no
ac_cv_func_getpagesize=yes
ac_cv_func_memcmp_working=no
ac_cv_func_nanosleep=no
ac_cv_header_inttypes_h=yes
ac_cv_header_memory_h=yes
ac_cv_header_stdc=yes
ac_cv_header_stdint_h=yes
ac_cv_header_stdlib_h=yes
ac_cv_header_string_h=yes
ac_cv_header_strings_h=yes
ac_cv_header_sys_stat_h=yes
ac_cv_header_sys_types_h=yes
ac_cv_header_sysexits_h=no
ac_cv_header_unistd_h=yes
ac_cv_header_windows_h=yes
ac_cv_lib_usb_libusb_init=no
ac_cv_objext=o
ac_cv_path_EGREP='/bin/grep -E'
ac_cv_path_GREP=/bin/grep
ac_cv_path_install='/usr/bin/install -c'
ac_cv_path_mkdir=/bin/mkdir
ac_cv_prog_AWK=gawk
ac_cv_prog_CC=i686-w64-mingw32-gcc
ac_cv_prog_CPP='i686-w64-mingw32-gcc -E'
ac_cv_prog_STRIP=i686-w64-mingw32-strip
ac_cv_prog_cc_c89=
ac_cv_prog_cc_g=yes
ac_cv_prog_make_make_set=yes
ac_cv_type_size_t=yes
am_cv_CC_dependencies_compiler_type=gcc3
am_cv_make_support_nested_variables=yes
am_cv_prog_cc_c_o=yes
pkg_cv_USB_CFLAGS=-I/root/dfu-utils-cross/libusb-1.0.20/libusb/
pkg_cv_USB_LIBS='-L/root/dfu-utils-cross/libusb-1.0.20/libusb/.libs/ -lusb-1.0'

## ----------------- ##
## Output variables. ##
## ----------------- ##

ACLOCAL='aclocal-1.14'
AMDEPBACKSLASH='\'
AMDEP_FALSE='#'
AMDEP_TRUE=''
AMTAR='$${TAR-tar}'
AM_BACKSLASH='\'
AM_DEFAULT_V='$(AM_DEFAULT_VERBOSITY)'
AM_DEFAULT_VERBOSITY='0'
AM_V='$(V)'
AUTOCONF='autoconf'
AUTOHEADER='autoheader'
AUTOMAKE='automake-1.14'
AWK='gawk'
CC='i686-w64-mingw32-gcc'
CCDEPMODE='depmode=gcc3'
CFLAGS='-mno-ms-bitfields -static -I/root/dfu-utils-cross/libusb-1.0.20/libusb/'
CPP='i686-w64-mingw32-gcc -E'
CPPFLAGS=''
CYGPATH_W='echo'
DEFS='-DHAVE_CONFIG_H'
DEPDIR='.deps'
ECHO_C=''
ECHO_N='-n'
ECHO_T=''
EGREP='/bin/grep -E'
EXEEXT='.exe'
GREP='/bin/grep'
INSTALL_DATA='${INSTALL} -m 644'
INSTALL_PROGRAM='${INSTALL}'
INSTALL_SCRIPT='${INSTALL}'
INSTALL_STRIP_PROGRAM='$(install_sh) -c -s'
LDFLAGS=''
LIBOBJS=' ${LIBOBJDIR}memcmp$U.o'
LIBS=' -L/root/dfu-utils-cross/libusb-1.0.20/libusb/.libs/ -lusb-1.0'
LTLIBOBJS=' ${LIBOBJDIR}memcmp$U.lo'
MAKEINFO='makeinfo'
MKDIR_P='/bin/mkdir -p'
OBJEXT='o'
PACKAGE='dfu-util'
PACKAGE_BUGREPORT='http://sourceforge.net/p/dfu-util/tickets/'
PACKAGE_NAME='dfu-util'
PACKAGE_STRING='dfu-util 0.9'
PACKAGE_TARNAME='dfu-util'
PACKAGE_URL='http://dfu-util.sourceforge.net'
PACKAGE_VERSION='0.9'
PATH_SEPARATOR=':'
PKG_CONFIG=''
PKG_CONFIG_LIBDIR=''
PKG_CONFIG_PATH=''
SET_MAKE=''
SHELL='/bin/bash'
STRIP='i686-w64-mingw32-strip'
USB_CFLAGS='-I/root/dfu-utils-cross/libusb-1.0.20/libusb/'
USB_LIBS='-L/root/dfu-utils-cross/libusb-1.0.20/libusb/.libs/ -lusb-1.0'
VERSION='0.9'
ac_ct_CC=''
am__EXEEXT_FALSE='#'
am__EXEEXT_TRUE=''
am__fastdepCC_FALSE='#'
am__fastdepCC_TRUE=''
am__include='include'
am__isrc=''
am__leading_dot='.'
am__nodep='_no'
am__quote=''
am__tar='$${TAR-tar} chof - "$$tardir"'
am__untar='$${TAR-tar} xf -'
bindir='${exec_prefix}/bin'
build_alias=''
datadir='${datarootdir}'
datarootdir='${prefix}/share'
docdir='${datarootdir}/doc/${PACKAGE_TARNAME}'
dvidir='${docdir}'
exec_prefix='${prefix}'
host_alias='i686-w64-mingw32'
htmldir='${docdir}'
includedir='${prefix}/include'
infodir='${datarootdir}/info'
install_sh='${SHELL} /root/dfu-utils-cross/dfu-util-0.9/m4/install-sh'
libdir='${exec_prefix}/lib'
libexecdir='${exec_prefix}/libexec'
localedir='${datarootdir}/locale'
localstatedir='${prefix}/var'
mandir='${datarootdir}/man'
mkdir_p='$(MKDIR_P)'
oldincludedir='/usr/include'
pdfdir='${docdir}'
prefix='/usr/local'
program_transform_name='s,x,x,'
psdir='${docdir}'
sbindir='${exec_prefix}/sbin'
sharedstatedir='${prefix}/com'
sysconfdir='${prefix}/etc'
target_alias=''

## ----------- ##
## confdefs.h. ##
## ----------- ##

/* confdefs.h */
#define PACKAGE_NAME "dfu-util"
#define PACKAGE_TARNAME "dfu-util"
#define PACKAGE_VERSION "0.9"
#define PACKAGE_STRING "dfu-util 0.9"
#define PACKAGE_BUGREPORT "http://sourceforge.net/p/dfu-util/tickets/"
#define PACKAGE_URL "http://dfu-util.sourceforge.net"
#define PACKAGE "dfu-util"
#define VERSION "0.9"
#define STDC_HEADERS 1
#define HAVE_SYS_TYPES_H 1
#define HAVE_SYS_STAT_H 1
#define HAVE_STDLIB_H 1
#define HAVE_STRING_H 1
#define HAVE_MEMORY_H 1
#define HAVE_STRINGS_H 1
#define HAVE_INTTYPES_H 1
#define HAVE_STDINT_H 1
#define HAVE_UNISTD_H 1
#define HAVE_WINDOWS_H 1
#define HAVE_UNISTD_H 1
#define HAVE_GETPAGESIZE 1

configure: exit 0
